\BOOKMARK [1][-]{section.1}{\376\377\000D\000i\000s\000c\000r\000e\000t\000e\000\040\000S\000i\000g\000n\000a\000l\000s}{}% 1
\BOOKMARK [2][-]{subsection.1.1}{\376\377\000I\000m\000p\000u\000l\000s\000e}{section.1}% 2
\BOOKMARK [2][-]{subsection.1.2}{\376\377\000D\000i\000s\000c\000r\000e\000t\000e\000\040\000u\000n\000i\000t\000\040\000s\000t\000e\000p}{section.1}% 3
\BOOKMARK [2][-]{subsection.1.3}{\376\377\000D\000i\000s\000c\000r\000e\000t\000e\000\040\000e\000x\000p\000o\000n\000e\000n\000t\000i\000a\000l\000\040\000s\000t\000e\000p}{section.1}% 4
\BOOKMARK [2][-]{subsection.1.4}{\376\377\000D\000i\000s\000c\000r\000e\000t\000e\000\040\000p\000e\000r\000i\000o\000d\000i\000c\000\040\000s\000i\000g\000n\000a\000l\000s}{section.1}% 5
\BOOKMARK [2][-]{subsection.1.5}{\376\377\000D\000i\000s\000c\000r\000e\000t\000e\000-\000t\000i\000m\000e\000\040\000s\000i\000n\000u\000s\000o\000i\000d\000s}{section.1}% 6
\BOOKMARK [1][-]{section.2}{\376\377\000L\000i\000n\000e\000a\000r\000\040\000T\000i\000m\000e\000-\000I\000n\000v\000a\000r\000i\000a\000n\000t\000\040\000S\000y\000s\000t\000e\000m\000s}{}% 7
\BOOKMARK [2][-]{subsection.2.1}{\376\377\000C\000o\000n\000v\000o\000l\000u\000t\000i\000o\000n}{section.2}% 8
\BOOKMARK [2][-]{subsection.2.2}{\376\377\000D\000i\000s\000c\000r\000e\000t\000e\000\040\000d\000e\000l\000a\000y}{section.2}% 9
\BOOKMARK [2][-]{subsection.2.3}{\376\377\000M\000o\000v\000i\000n\000g\000\040\000a\000v\000e\000r\000a\000g\000e}{section.2}% 10
\BOOKMARK [2][-]{subsection.2.4}{\376\377\000C\000o\000s\000i\000n\000e\000\040\000s\000i\000g\000n\000a\000l\000\040\000a\000n\000d\000\040\000g\000e\000n\000e\000r\000i\000c\000\040\000f\000i\000l\000t\000e\000r}{section.2}% 11
\BOOKMARK [1][-]{section.3}{\376\377\000Z\000\040\000t\000r\000a\000n\000s\000f\000o\000r\000m}{}% 12
\BOOKMARK [2][-]{subsection.3.1}{\376\377\000C\000o\000m\000p\000l\000e\000x\000\040\000N\000u\000m\000b\000e\000r\000s\000\040\000F\000u\000n\000d\000a\000m\000e\000n\000t\000a\000l\000s}{section.3}% 13
\BOOKMARK [2][-]{subsection.3.2}{\376\377\000N\000o\000t\000a\000b\000l\000e\000\040\000t\000r\000a\000n\000s\000f\000o\000r\000m\000s}{section.3}% 14
\BOOKMARK [2][-]{subsection.3.3}{\376\377\000Z\000\040\000t\000r\000a\000n\000s\000f\000o\000r\000m\000\040\000e\000x\000p\000r\000e\000s\000s\000i\000o\000n\000s}{section.3}% 15
\BOOKMARK [2][-]{subsection.3.4}{\376\377\000Z\000\040\000t\000r\000a\000n\000s\000f\000o\000r\000m\000\040\000r\000e\000l\000a\000t\000i\000o\000n\000s\000h\000i\000p\000\040\000w\000i\000t\000h\000\040\000L\000T\000I\000\040\000s\000y\000s\000t\000e\000m\000s}{section.3}% 16
\BOOKMARK [2][-]{subsection.3.5}{\376\377\000I\000n\000v\000e\000r\000s\000e\000\040\000Z\000\040\000t\000r\000a\000n\000s\000f\000o\000r\000m}{section.3}% 17
\BOOKMARK [2][-]{subsection.3.6}{\376\377\000P\000a\000r\000t\000i\000a\000l\000\040\000f\000r\000a\000c\000t\000\040\000e\000x\000p\000a\000n\000s\000i\000o\000n\000\040\000f\000o\000r\000\040\000c\000o\000m\000p\000u\000t\000i\000n\000g\000\040\000Z\000-\0001}{section.3}% 18
\BOOKMARK [2][-]{subsection.3.7}{\376\377\000Z\000e\000r\000o\000s\000-\000P\000o\000l\000e\000s\000\040\000f\000a\000c\000t\000o\000r\000i\000z\000a\000t\000i\000o\000n}{section.3}% 19
\BOOKMARK [3][-]{subsubsection.3.7.1}{\376\377\000T\000r\000a\000n\000s\000f\000e\000r\000\040\000f\000u\000n\000c\000t\000i\000o\000n\000\040\000e\000v\000a\000l\000u\000a\000t\000i\000o\000n\000\040\000i\000n\000\040\000t\000i\000m\000e\000\040\000d\000o\000m\000a\000i\000n\000:\000\040\000d\000i\000r\000e\000c\000t\000\040\000f\000o\000r\000m\000\040\000\043\0001}{subsection.3.7}% 20
\BOOKMARK [3][-]{subsubsection.3.7.2}{\376\377\000F\000r\000o\000m\000\040\000g\000e\000n\000e\000r\000i\000c\000\040\000o\000u\000t\000p\000u\000t\000\040\000t\000o\000\040\000t\000r\000a\000n\000s\000f\000e\000r\000\040\000f\000u\000n\000c\000t\000i\000o\000n\000\040\000a\000n\000d\000\040\000c\000o\000m\000p\000l\000e\000x\000\040\000c\000o\000n\000j\000u\000g\000a\000t\000e\000s}{subsection.3.7}% 21
\BOOKMARK [3][-]{subsubsection.3.7.3}{\376\377\000M\000a\000x\000i\000m\000u\000m\000\040\000p\000h\000a\000s\000e\000\040\000t\000o\000\040\000m\000i\000n\000i\000m\000u\000m\000\040\000p\000h\000a\000s\000e}{subsection.3.7}% 22
\BOOKMARK [2][-]{subsection.3.8}{\376\377\000A\000l\000l\000-\000p\000a\000s\000s\000\040\000f\000i\000l\000t\000e\000r}{section.3}% 23
\BOOKMARK [1][-]{section.4}{\376\377\000D\000i\000s\000c\000r\000e\000t\000\040\000T\000i\000m\000e\000\040\000F\000o\000u\000r\000i\000e\000r\000\040\000T\000r\000a\000n\000s\000f\000o\000r\000m\000\040\000\050\000D\000T\000F\000T\000\051}{}% 24
\BOOKMARK [2][-]{subsection.4.1}{\376\377\000P\000r\000o\000p\000e\000r\000t\000i\000e\000s}{section.4}% 25
\BOOKMARK [1][-]{section.5}{\376\377\000D\000i\000s\000c\000r\000e\000t\000\040\000F\000o\000u\000r\000i\000e\000r\000\040\000T\000r\000a\000n\000s\000f\000o\000r\000m\000\040\000\050\000D\000F\000T\000\051}{}% 26
\BOOKMARK [2][-]{subsection.5.1}{\376\377\000R\000e\000l\000a\000t\000i\000o\000n\000s\000h\000i\000p\000\040\000w\000i\000t\000h\000\040\000D\000T\000F\000T}{section.5}% 27
\BOOKMARK [2][-]{subsection.5.2}{\376\377\000D\000F\000T\000\040\000a\000s\000\040\000a\000\040\000m\000a\000t\000r\000i\000x\000\040\000p\000r\000o\000d\000u\000c\000t}{section.5}% 28
\BOOKMARK [2][-]{subsection.5.3}{\376\377\000Z\000e\000r\000o\000\040\000p\000a\000d\000d\000i\000n\000g}{section.5}% 29
\BOOKMARK [3][-]{subsubsection.5.3.1}{\376\377\000C\000o\000n\000d\000i\000t\000i\000o\000n\000s}{subsection.5.3}% 30
\BOOKMARK [3][-]{subsubsection.5.3.2}{\376\377\000A\000l\000t\000e\000r\000n\000a\000t\000i\000v\000e\000\040\000t\000o\000\040\000z\000e\000r\000o\000-\000p\000a\000d\000d\000i\000n\000g\000\040\000f\000o\000r\000\040\000d\000i\000s\000c\000o\000u\000n\000t\000i\000n\000u\000i\000t\000i\000e\000s\000\040\000i\000n\000\040\000D\000F\000T}{subsection.5.3}% 31
\BOOKMARK [2][-]{subsection.5.4}{\376\377\000D\000i\000s\000c\000o\000n\000t\000i\000n\000u\000i\000t\000y}{section.5}% 32
\BOOKMARK [2][-]{subsection.5.5}{\376\377\000\040\000a\000n\000d\000\040\000s\000i\000n\000u\000s\000o\000i\000d\000s\000\040\000\050\000p\000e\000a\000k\000s\000\040\000o\000f\000\040\000c\000o\000s\000i\000n\000e\000s\000\051}{section.5}% 33
\BOOKMARK [2][-]{subsection.5.6}{\376\377\000D\000F\000T\000\040\000a\000n\000d\000\040\000I\000D\000F\000T\000\040\000p\000e\000r\000i\000o\000d\000i\000c\000t\000y}{section.5}% 34
\BOOKMARK [3][-]{subsubsection.5.6.1}{\376\377\000C\000y\000c\000l\000i\000c\000/\000c\000i\000r\000c\000u\000l\000a\000r\000\040\000c\000o\000n\000v\000o\000l\000u\000t\000i\000o\000n}{subsection.5.6}% 35
\BOOKMARK [3][-]{subsubsection.5.6.2}{\376\377\000L\000i\000n\000e\000a\000r\000\040\000a\000n\000d\000\040\000c\000y\000c\000l\000i\000c\000\040\000c\000o\000n\000v\000o\000l\000u\000t\000i\000o\000n}{subsection.5.6}% 36
\BOOKMARK [2][-]{subsection.5.7}{\376\377\000L\000o\000n\000g\000\040\000c\000o\000n\000v\000o\000l\000u\000t\000i\000o\000n}{section.5}% 37
\BOOKMARK [3][-]{subsubsection.5.7.1}{\376\377\000O\000v\000e\000r\000l\000a\000p\000\040\000a\000n\000d\000\040\000a\000d\000d}{subsection.5.7}% 38
\BOOKMARK [3][-]{subsubsection.5.7.2}{\376\377\000O\000v\000e\000r\000l\000a\000p\000\040\000a\000n\000d\000\040\000s\000a\000v\000e}{subsection.5.7}% 39
\BOOKMARK [1][-]{section.6}{\376\377\0001\000D\000\040\000D\000i\000g\000i\000t\000a\000l\000\040\000f\000i\000l\000t\000e\000r\000s}{}% 40
\BOOKMARK [2][-]{subsection.6.1}{\376\377\000F\000i\000l\000t\000e\000r\000\040\000d\000e\000s\000i\000g\000n\000:\000\040\000r\000e\000m\000a\000r\000k\000a\000b\000l\000e\000\040\000L\000T\000I\000\040\000f\000i\000l\000t\000e\000r\000s}{section.6}% 41
\BOOKMARK [3][-]{subsubsection.6.1.1}{\376\377\000N\000o\000t\000c\000h}{subsection.6.1}% 42
\BOOKMARK [3][-]{subsubsection.6.1.2}{\376\377\000M\000a\000g\000n\000i\000t\000u\000d\000e\000\040\000s\000q\000u\000a\000r\000e\000\040\000f\000u\000n\000c\000t\000i\000o\000n}{subsection.6.1}% 43
\BOOKMARK [3][-]{subsubsection.6.1.3}{\376\377\000A\000l\000l\000p\000a\000s\000s\000\040\000f\000i\000l\000t\000e\000r\000s}{subsection.6.1}% 44
\BOOKMARK [1][-]{section.7}{\376\377\000M\000a\000t\000l\000a\000b}{}% 45
\BOOKMARK [2][-]{subsection.7.1}{\376\377\000C\000o\000s\000i\000n\000e\000\040\000s\000i\000g\000n\000a\000l\000s}{section.7}% 46
\BOOKMARK [3][-]{subsubsection.7.1.1}{\376\377\000S\000u\000m\000\040\000o\000f\000\040\000m\000u\000l\000t\000i\000p\000l\000e\000\040\000s\000i\000g\000n\000a\000l\000s\000,\000\040\000l\000c\000m}{subsection.7.1}% 47
\BOOKMARK [2][-]{subsection.7.2}{\376\377\000F\000i\000l\000t\000e\000r\000s}{section.7}% 48
\BOOKMARK [3][-]{subsubsection.7.2.1}{\376\377\000F\000I\000R\000\040\000f\000i\000l\000t\000e\000r\000\040\000t\000o\000\040\000a\000t\000t\000e\000n\000u\000a\000t\000e\000\040\000s\000i\000g\000n\000a\000l\000\040\000a\000n\000d\000\040\000c\000o\000n\000j\000u\000g\000a\000t\000e\000\040\000z\000e\000r\000o\000/\000p\000o\000l\000e}{subsection.7.2}% 49
\BOOKMARK [1][-]{section.8}{\376\377\000E\000x\000e\000r\000c\000i\000s\000e\000s}{}% 50
\BOOKMARK [2][-]{subsection.8.1}{\376\377\0002\0000\0002\0002\0000\0002\0001\0007\000-\0001}{section.8}% 51
\BOOKMARK [3][-]{subsubsection.8.1.1}{\376\377\000T\000e\000m\000p\000o\000r\000a\000l\000\040\000s\000e\000q\000u\000e\000n\000c\000e\000,\000\040\000c\000o\000n\000v\000o\000l\000u\000t\000i\000o\000n\000\040\000a\000n\000d\000\040\000z\000-\000t\000r\000a\000n\000s\000f\000o\000r\000m}{subsection.8.1}% 52
\BOOKMARK [3][-]{subsubsection.8.1.2}{\376\377\000P\000o\000l\000e\000-\000z\000e\000r\000o\000\040\000p\000l\000o\000t\000\040\000a\000n\000d\000\040\000m\000a\000g\000n\000i\000t\000u\000d\000e}{subsection.8.1}% 53
\BOOKMARK [3][-]{subsubsection.8.1.3}{\376\377\000D\000e\000f\000i\000n\000e\000\040\000m\000i\000n\000i\000m\000u\000m\000\040\000p\000h\000a\000s\000e\000\040\000f\000i\000l\000t\000e\000r\000\040\000w\000i\000t\000h\000\040\000f\000i\000x\000e\000d\000\040\000a\000m\000p\000l\000i\000t\000u\000d\000e}{subsection.8.1}% 54
\BOOKMARK [3][-]{subsubsection.8.1.4}{\376\377\000O\000u\000t\000p\000u\000t\000\040\000s\000a\000m\000p\000l\000e\000s\000:\000\040\000c\000o\000n\000v\000o\000l\000u\000t\000i\000o\000n}{subsection.8.1}% 55
\BOOKMARK [2][-]{subsection.8.2}{\376\377\0002\0000\0002\0002\0000\0002\0001\0007\000-\0002\000*}{section.8}% 56
\BOOKMARK [3][-]{subsubsection.8.2.1}{\376\377\000D\000o\000w\000n\000s\000a\000m\000p\000l\000i\000n\000g\000\040\000w\000i\000t\000h\000o\000u\000t\000\040\000L\000P\000F}{subsection.8.2}% 57
\BOOKMARK [2][-]{subsection.8.3}{\376\377\0002\0000\0002\0002\0000\0001\0002\0006\000-\0001}{section.8}% 58
\BOOKMARK [3][-]{subsubsection.8.3.1}{\376\377\000D\000F\000T}{subsection.8.3}% 59
\BOOKMARK [3][-]{subsubsection.8.3.2}{\376\377\000O\000v\000e\000r\000l\000a\000p\000\040\000a\000n\000d\000\040\000s\000a\000v\000e}{subsection.8.3}% 60
\BOOKMARK [2][-]{subsection.8.4}{\376\377\0002\0000\0002\0001\0001\0001\0000\0008\000-\0001}{section.8}% 61
\BOOKMARK [3][-]{subsubsection.8.4.1}{\376\377\000Z\000e\000r\000o\000-\000p\000o\000l\000e\000\040\000t\000o\000\040\000e\000q\000u\000a\000t\000i\000o\000n\000\040\000i\000n\000\040\000z}{subsection.8.4}% 62
\BOOKMARK [2][-]{subsection.8.5}{\376\377\0002\0000\0001\0009\0000\0009\0001\0000\000-\0002}{section.8}% 63
\BOOKMARK [3][-]{subsubsection.8.5.1}{\376\377\000O\000v\000e\000r\000l\000a\000p\000\040\000a\000n\000d\000\040\000A\000d\000d}{subsection.8.5}% 64
\BOOKMARK [3][-]{subsubsection.8.5.2}{\376\377\000O\000v\000e\000r\000l\000a\000p\000\040\000a\000n\000d\000\040\000S\000a\000v\000e}{subsection.8.5}% 65
\BOOKMARK [2][-]{subsection.8.6}{\376\377\0002\0000\0001\0009\0000\0007\0002\0002\000-\0001}{section.8}% 66
\BOOKMARK [3][-]{subsubsection.8.6.1}{\376\377\000N\000o\000t\000\040\000u\000s\000i\000n\000g\000\040\000F\000F\000T\000/\000D\000F\000T\000,\000\040\000u\000s\000e\000\040\000a\000\040\000c\000o\000s\000i\000n\000e\000\040\000a\000n\000d\000\040\000p\000o\000l\000e\000-\000z\000e\000r\000o\000\040\000p\000l\000o\000t}{subsection.8.6}% 67
\BOOKMARK [3][-]{subsubsection.8.6.2}{\376\377\000D\000i\000f\000f\000e\000r\000e\000n\000c\000e\000\040\000e\000q\000u\000a\000t\000i\000o\000n\000s\000\040\000\050\000a\000n\000t\000i\000\040\000z\000-\000t\000r\000a\000n\000s\000f\000o\000r\000m\000\051}{subsection.8.6}% 68
\BOOKMARK [3][-]{subsubsection.8.6.3}{\376\377\000H\000o\000w\000\040\000t\000o\000\040\000a\000p\000p\000l\000y\000\040\000t\000h\000e\000\040\000f\000i\000l\000t\000e\000r\000s}{subsection.8.6}% 69
\BOOKMARK [3][-]{subsubsection.8.6.4}{\376\377\000C\000o\000s\000i\000n\000e\000\040\000m\000e\000t\000h\000o\000d\000\040\000w\000e\000a\000k\000n\000e\000s\000s\000\040\000w\000.\000r\000.\000t\000.\000\040\000F\000o\000u\000r\000i\000e\000r\000\040\000T\000r\000a\000n\000s\000f\000o\000r\000m}{subsection.8.6}% 70
\BOOKMARK [2][-]{subsection.8.7}{\376\377\0002\0000\0001\0009\0000\0002\0001\0002\000-\0002}{section.8}% 71
\BOOKMARK [3][-]{subsubsection.8.7.1}{\376\377\000U\000p\000s\000a\000m\000p\000l\000e\000\040\000b\000y\000\040\000n\000o\000n\000i\000n\000t\000e\000g\000e\000r\000\040\000p\000i\000p\000e\000l\000i\000n\000e}{subsection.8.7}% 72
\BOOKMARK [3][-]{subsubsection.8.7.2}{\376\377\000C\000u\000t\000o\000f\000f\000\040\000D\000F\000T}{subsection.8.7}% 73
\BOOKMARK [2][-]{subsection.8.8}{\376\377\0002\0000\0001\0009\0000\0001\0001\0006\000-\0002}{section.8}% 74
\BOOKMARK [3][-]{subsubsection.8.8.1}{\376\377\000Z\000e\000r\000o\000-\000p\000o\000l\000e\000\040\000p\000l\000o\000t}{subsection.8.8}% 75
\BOOKMARK [3][-]{subsubsection.8.8.2}{\376\377\000D\000e\000f\000i\000n\000e\000\040\000m\000i\000n\000i\000m\000u\000m\000\040\000p\000h\000a\000s\000e\000\040\000f\000i\000l\000t\000e\000r\000\040\000w\000i\000t\000h\000\040\000f\000i\000x\000e\000d\000\040\000a\000m\000p\000l\000i\000t\000u\000d\000e\000/\000m\000a\000g\000n\000i\000t\000u\000d\000e}{subsection.8.8}% 76
\BOOKMARK [3][-]{subsubsection.8.8.3}{\376\377\000C\000o\000s\000i\000n\000e\000\040\000s\000i\000g\000n\000a\000l\000\040\000a\000n\000d\000\040\000g\000e\000n\000e\000r\000i\000c\000\040\000f\000i\000l\000t\000e\000r}{subsection.8.8}% 77
\BOOKMARK [2][-]{subsection.8.9}{\376\377\0002\0000\0001\0008\0001\0001\0000\0007\000-\0001}{section.8}% 78
\BOOKMARK [3][-]{subsubsection.8.9.1}{\376\377\000Z\000-\000t\000r\000a\000n\000s\000f\000o\000r\000m\000\040\000a\000n\000d\000\040\000p\000o\000l\000e\000-\000z\000e\000r\000o\000\040\000p\000l\000o\000t}{subsection.8.9}% 79
\BOOKMARK [3][-]{subsubsection.8.9.2}{\376\377\000M\000a\000g\000n\000i\000t\000u\000d\000e\000\040\000a\000n\000d\000\040\000p\000h\000a\000s\000e\000\040\000p\000l\000o\000t\000\040\000b\000y\000\040\000h\000a\000n\000d}{subsection.8.9}% 80
\BOOKMARK [3][-]{subsubsection.8.9.3}{\376\377\000S\000a\000m\000p\000l\000e\000d\000\040\000s\000i\000g\000n\000a\000l\000,\000\040\000c\000o\000s\000i\000n\000e\000\040\000s\000i\000g\000n\000a\000l\000\040\000a\000n\000d\000\040\000g\000e\000n\000e\000r\000i\000c\000\040\000f\000i\000l\000t\000e\000r}{subsection.8.9}% 81
\BOOKMARK [2][-]{subsection.8.10}{\376\377\0002\0000\0001\0006\0000\0002\0002\0003\000-\0001}{section.8}% 82
\BOOKMARK [3][-]{subsubsection.8.10.1}{\376\377\000D\000e\000f\000i\000n\000e\000\040\000m\000i\000n\000i\000m\000u\000m\000\040\000p\000h\000a\000s\000e\000\040\000f\000i\000l\000t\000e\000r\000\040\000w\000i\000t\000h\000\040\000f\000i\000x\000e\000d\000\040\000a\000m\000p\000l\000i\000t\000u\000d\000e}{subsection.8.10}% 83
\BOOKMARK [3][-]{subsubsection.8.10.2}{\376\377\000I\000I\000R\000\040\000f\000i\000l\000t\000e\000r\000\040\000t\000o\000\040\000r\000e\000m\000o\000v\000e\000\040\000e\000f\000f\000e\000c\000t}{subsection.8.10}% 84
\BOOKMARK [3][-]{subsubsection.8.10.3}{\376\377\000O\000u\000t\000p\000u\000t\000\040\000s\000a\000m\000p\000l\000e\000s}{subsection.8.10}% 85
\BOOKMARK [2][-]{subsection.8.11}{\376\377\0002\0000\0001\0006\0000\0002\0002\0003\000-\0002}{section.8}% 86
\BOOKMARK [3][-]{subsubsection.8.11.1}{\376\377\000D\000F\000T\000\040\000t\000o\000\040\000r\000e\000m\000o\000v\000e\000\040\000c\000o\000n\000t\000i\000n\000u\000o\000u\000s\000\040\000c\000o\000m\000p\000o\000n\000e\000n\000t}{subsection.8.11}% 87
\BOOKMARK [3][-]{subsubsection.8.11.2}{\376\377\000D\000F\000T\000\040\000m\000a\000t\000r\000i\000x\000\040\000i\000n\000v\000e\000r\000s\000e\000,\000\040\000o\000u\000t\000p\000u\000t\000\040\000i\000n\000\040\000t\000i\000m\000e\000\040\000d\000o\000m\000a\000i\000n}{subsection.8.11}% 88
\BOOKMARK [2][-]{subsection.8.12}{\376\377\0002\0000\0001\0001\0000\0002\0000\0002\000-\0001}{section.8}% 89
\BOOKMARK [3][-]{subsubsection.8.12.1}{\376\377\000D\000F\000T}{subsection.8.12}% 90
\BOOKMARK [3][-]{subsubsection.8.12.2}{\376\377\000O\000u\000t\000p\000u\000t\000\040\000s\000a\000m\000p\000l\000e\000s\000:\000\040\000c\000o\000n\000v\000o\000l\000u\000t\000i\000o\000n}{subsection.8.12}% 91
\BOOKMARK [3][-]{subsubsection.8.12.3}{\376\377\000D\000F\000T}{subsection.8.12}% 92
